c:\users\bobet\golandprojects\airtune\driver\airtuneaudio\airtuneaudio\x64\debug\vc143.pdb
c:\users\bobet\golandprojects\airtune\driver\airtuneaudio\airtuneaudio\x64\debug\guids.obj
c:\users\bobet\golandprojects\airtune\driver\airtuneaudio\airtuneaudio\x64\debug\ioctl.obj
c:\users\bobet\golandprojects\airtune\driver\airtuneaudio\airtuneaudio\x64\debug\toptable.obj
c:\users\bobet\golandprojects\airtune\driver\airtuneaudio\airtuneaudio\x64\debug\stream.obj
c:\users\bobet\golandprojects\airtune\driver\airtuneaudio\airtuneaudio\x64\debug\miniport.obj
c:\users\bobet\golandprojects\airtune\driver\airtuneaudio\airtuneaudio\x64\debug\adapter.obj
c:\users\bobet\golandprojects\airtune\driver\airtuneaudio\x64\debug\airtuneaudio.sys
c:\users\bobet\golandprojects\airtune\driver\airtuneaudio\x64\debug\airtuneaudio.pdb
c:\users\bobet\golandprojects\airtune\driver\airtuneaudio\airtuneaudio\x64\debug\airtuneaudio.inf
c:\users\bobet\golandprojects\airtune\driver\airtuneaudio\x64\debug\airtuneaudio.inf
c:\users\bobet\golandprojects\airtune\driver\airtuneaudio\airtuneaudio\x64\debug\airtuneaudio.tlog\cl.command.1.tlog
c:\users\bobet\golandprojects\airtune\driver\airtuneaudio\airtuneaudio\x64\debug\airtuneaudio.tlog\cl.items.tlog
c:\users\bobet\golandprojects\airtune\driver\airtuneaudio\airtuneaudio\x64\debug\airtuneaudio.tlog\cl.read.1.tlog
c:\users\bobet\golandprojects\airtune\driver\airtuneaudio\airtuneaudio\x64\debug\airtuneaudio.tlog\cl.write.1.tlog
c:\users\bobet\golandprojects\airtune\driver\airtuneaudio\airtuneaudio\x64\debug\airtuneaudio.tlog\link.command.1.tlog
c:\users\bobet\golandprojects\airtune\driver\airtuneaudio\airtuneaudio\x64\debug\airtuneaudio.tlog\link.read.1.tlog
c:\users\bobet\golandprojects\airtune\driver\airtuneaudio\airtuneaudio\x64\debug\airtuneaudio.tlog\link.secondary.1.tlog
c:\users\bobet\golandprojects\airtune\driver\airtuneaudio\airtuneaudio\x64\debug\airtuneaudio.tlog\link.write.1.tlog
c:\users\bobet\golandprojects\airtune\driver\airtuneaudio\airtuneaudio\x64\debug\airtuneaudio.tlog\stampinf.command.1.tlog
c:\users\bobet\golandprojects\airtune\driver\airtuneaudio\airtuneaudio\x64\debug\airtuneaudio.tlog\stampinf.read.1.tlog
c:\users\bobet\golandprojects\airtune\driver\airtuneaudio\airtuneaudio\x64\debug\airtuneaudio.tlog\stampinf.write.1.tlog
